Added Component: Designator=Encoder_1_2(HDR1X8)
Add component (AddParameter): Name = "LatestRevisionDate"; Value = "17-Jul-2002"; VariantName = "[No Variations]"
Add component (AddParameter): Name = "LatestRevisionNote"; Value = "Re-released for DXP Platform."; VariantName = "[No Variations]"
Add component (AddParameter): Name = "Publisher"; Value = "Altium Limited"; VariantName = "[No Variations]"
Added Component: Designator=Encoder_3_4(HDR1X8)
Add component (AddParameter): Name = "LatestRevisionDate"; Value = "17-Jul-2002"; VariantName = "[No Variations]"
Add component (AddParameter): Name = "LatestRevisionNote"; Value = "Re-released for DXP Platform."; VariantName = "[No Variations]"
Add component (AddParameter): Name = "Publisher"; Value = "Altium Limited"; VariantName = "[No Variations]"
Added Component: Designator=Encoder_5_6(HDR1X8)
Add component (AddParameter): Name = "LatestRevisionDate"; Value = "17-Jul-2002"; VariantName = "[No Variations]"
Add component (AddParameter): Name = "LatestRevisionNote"; Value = "Re-released for DXP Platform."; VariantName = "[No Variations]"
Add component (AddParameter): Name = "Publisher"; Value = "Altium Limited"; VariantName = "[No Variations]"
Added Pin To Net: NetName=Encoder_1_INT_1 Pin=Encoder_1_2-1
Added Pin To Net: NetName=Encoder_1_INT_2 Pin=Encoder_1_2-2
Added Pin To Net: NetName=5 Pin=Encoder_1_2-5
Added Pin To Net: NetName=5 Pin=Encoder_1_2-6
Added Pin To Net: NetName=GND Pin=Encoder_1_2-7
Added Pin To Net: NetName=GND Pin=Encoder_1_2-8
Added Pin To Net: NetName=Encoder_2_INT_1 Pin=Encoder_3_4-1
Added Pin To Net: NetName=Encoder_2_INT_2 Pin=Encoder_3_4-2
Added Pin To Net: NetName=5 Pin=Encoder_3_4-5
Added Pin To Net: NetName=5 Pin=Encoder_3_4-6
Added Pin To Net: NetName=GND Pin=Encoder_3_4-7
Added Pin To Net: NetName=GND Pin=Encoder_3_4-8
Added Pin To Net: NetName=Encoder_3_INT_1 Pin=Encoder_5_6-1
Added Pin To Net: NetName=Encoder_3_INT_2 Pin=Encoder_5_6-2
Added Pin To Net: NetName=5 Pin=Encoder_5_6-5
Added Pin To Net: NetName=5 Pin=Encoder_5_6-6
Added Pin To Net: NetName=GND Pin=Encoder_5_6-7
Added Pin To Net: NetName=GND Pin=Encoder_5_6-8
Added Pin To Net: NetName=Encoder_1_DIG_1 Pin=Arduino Mega-22
Added Pin To Net: NetName=Encoder_1_DIG_1 Pin=Encoder_1_2-3
Added Net: Name=Encoder_1_DIG_1
Added Pin To Net: NetName=Encoder_1_DIG_2 Pin=Arduino Mega-24
Added Pin To Net: NetName=Encoder_1_DIG_2 Pin=Encoder_1_2-4
Added Net: Name=Encoder_1_DIG_2
Added Pin To Net: NetName=Encoder_2_DIG_1 Pin=Arduino Mega-37
Added Pin To Net: NetName=Encoder_2_DIG_1 Pin=Encoder_3_4-3
Added Net: Name=Encoder_2_DIG_1
Added Pin To Net: NetName=Encoder_2_DIG_2 Pin=Arduino Mega-39
Added Pin To Net: NetName=Encoder_2_DIG_2 Pin=Encoder_3_4-4
Added Net: Name=Encoder_2_DIG_2
Added Pin To Net: NetName=Encoder_3_DIG_1 Pin=Arduino Mega-40
Added Pin To Net: NetName=Encoder_3_DIG_1 Pin=Encoder_5_6-3
Added Net: Name=Encoder_3_DIG_1
Added Pin To Net: NetName=Encoder_3_DIG_2 Pin=Arduino Mega-42
Added Pin To Net: NetName=Encoder_3_DIG_2 Pin=Encoder_5_6-4
Added Net: Name=Encoder_3_DIG_2
Added Member To Class: ClassName=Sheet1 Member=Component Encoder_1_2 Header 8
Added Member To Class: ClassName=Sheet1 Member=Component Encoder_3_4 Header 8
Added Member To Class: ClassName=Sheet1 Member=Component Encoder_5_6 Header 8
