Removed Pin From Net: NetName=DRIVE_3_5 Pin=Arduino Mega-6
Removed Pin From Net: NetName=DRIVE_3_6 Pin=Arduino Mega-7
Removed Pin From Net: NetName=DIG_MQ7 Pin=Arduino Mega-8
Removed Pin From Net: NetName=DIG_MQ2 Pin=Arduino Mega-9
Removed Pin From Net: NetName=DRIVE_2_6 Pin=Arduino Mega-10
Removed Pin From Net: NetName=DRIVE_2_5 Pin=Arduino Mega-11
Removed Pin From Net: NetName=DRIVE_1_6 Pin=Arduino Mega-12
Removed Pin From Net: NetName=DRIVE_1_5 Pin=Arduino Mega-13
Removed Pin From Net: NetName=DRIVE_1_7 Pin=Arduino Mega-22
Removed Pin From Net: NetName=DRIVE_1_8 Pin=Arduino Mega-23
Removed Pin From Net: NetName=DRIVE_1_4 Pin=Arduino Mega-24
Removed Pin From Net: NetName=DRIVE_1_9 Pin=Arduino Mega-25
Removed Pin From Net: NetName=DRIVE_2_7 Pin=Arduino Mega-26
Removed Pin From Net: NetName=DRIVE_2_8 Pin=Arduino Mega-27
Removed Pin From Net: NetName=DRIVE_2_4 Pin=Arduino Mega-28
Removed Pin From Net: NetName=DRIVE_2_9 Pin=Arduino Mega-29
Removed Pin From Net: NetName=DRIVE_3_7 Pin=Arduino Mega-30
Removed Pin From Net: NetName=DRIVE_3_8 Pin=Arduino Mega-31
Removed Pin From Net: NetName=DRIVE_3_4 Pin=Arduino Mega-32
Removed Pin From Net: NetName=DRIVE_3_9 Pin=Arduino Mega-33
Removed Pin From Net: NetName=TX Pin=P2-3
Removed Pin From Net: NetName=RX Pin=P2-4
Removed Pin From Net: NetName=DIG_MQ2 Pin=P2-5
Removed Pin From Net: NetName=DIG_MQ7 Pin=P2-6
Removed Pin From Net: NetName=ANG_MQ7 Pin=P2-7
Removed Pin From Net: NetName=DHT_DATA Pin=P2-8
Added Component: Designator=P2(HDR1X7)
Add component (AddParameter): Name = "LatestRevisionDate"; Value = "17-Jul-2002"; VariantName = "[No Variations]"
Add component (AddParameter): Name = "LatestRevisionNote"; Value = "Re-released for DXP Platform."; VariantName = "[No Variations]"
Add component (AddParameter): Name = "Publisher"; Value = "Altium Limited"; VariantName = "[No Variations]"
Added Pin To Net: NetName=DRIVE_1_5 Pin=Arduino Mega-4
Added Pin To Net: NetName=DRIVE_1_6 Pin=Arduino Mega-5
Added Pin To Net: NetName=DRIVE_2_5 Pin=Arduino Mega-6
Added Pin To Net: NetName=DRIVE_2_6 Pin=Arduino Mega-7
Added Pin To Net: NetName=DRIVE_3_5 Pin=Arduino Mega-8
Added Pin To Net: NetName=DRIVE_3_6 Pin=Arduino Mega-9
Added Pin To Net: NetName=DIG_MQ7 Pin=Arduino Mega-10
Added Pin To Net: NetName=DIG_MQ2 Pin=Arduino Mega-11
Added Pin To Net: NetName=DRIVE_1_7 Pin=Arduino Mega-40
Added Pin To Net: NetName=DRIVE_1_8 Pin=Arduino Mega-41
Added Pin To Net: NetName=DRIVE_1_4 Pin=Arduino Mega-42
Added Pin To Net: NetName=DRIVE_1_9 Pin=Arduino Mega-43
Added Pin To Net: NetName=DRIVE_2_7 Pin=Arduino Mega-44
Added Pin To Net: NetName=DRIVE_2_8 Pin=Arduino Mega-45
Added Pin To Net: NetName=DRIVE_2_4 Pin=Arduino Mega-46
Added Pin To Net: NetName=DRIVE_2_9 Pin=Arduino Mega-47
Added Pin To Net: NetName=DRIVE_3_7 Pin=Arduino Mega-48
Added Pin To Net: NetName=DRIVE_3_8 Pin=Arduino Mega-49
Added Pin To Net: NetName=DRIVE_3_4 Pin=Arduino Mega-50
Added Pin To Net: NetName=DRIVE_3_9 Pin=Arduino Mega-51
Added Pin To Net: NetName=DHT_DATA Pin=P2-1
Added Pin To Net: NetName=TX Pin=P2-2
Added Pin To Net: NetName=RX Pin=P2-3
Added Pin To Net: NetName=DIG_MQ2 Pin=P2-4
Added Pin To Net: NetName=DIG_MQ7 Pin=P2-6
Added Pin To Net: NetName=ANG_MQ7 Pin=P2-7
Added Pin To Net: NetName=ANG_MQ2 Pin=Arduino Mega-61
Added Pin To Net: NetName=ANG_MQ2 Pin=P2-5
Added Net: Name=ANG_MQ2
Added Room: Name=Sheet1
