Added Component: Designator=Cap(HDR1X2)
Add component (AddParameter): Name = "LatestRevisionDate"; Value = "17-Jul-2002"; VariantName = "[No Variations]"
Add component (AddParameter): Name = "LatestRevisionNote"; Value = "Re-released for DXP Platform."; VariantName = "[No Variations]"
Add component (AddParameter): Name = "Publisher"; Value = "Altium Limited"; VariantName = "[No Variations]"
Added Component: Designator=IN_PWR(HDR1X2)
Add component (AddParameter): Name = "LatestRevisionDate"; Value = "17-Jul-2002"; VariantName = "[No Variations]"
Add component (AddParameter): Name = "LatestRevisionNote"; Value = "Re-released for DXP Platform."; VariantName = "[No Variations]"
Add component (AddParameter): Name = "Publisher"; Value = "Altium Limited"; VariantName = "[No Variations]"
Added Component: Designator=M_enc_12(HDR1X8)
Add component (AddParameter): Name = "LatestRevisionDate"; Value = "17-Jul-2002"; VariantName = "[No Variations]"
Add component (AddParameter): Name = "LatestRevisionNote"; Value = "Re-released for DXP Platform."; VariantName = "[No Variations]"
Add component (AddParameter): Name = "Publisher"; Value = "Altium Limited"; VariantName = "[No Variations]"
Added Component: Designator=M_enc_34(HDR1X8)
Add component (AddParameter): Name = "LatestRevisionDate"; Value = "17-Jul-2002"; VariantName = "[No Variations]"
Add component (AddParameter): Name = "LatestRevisionNote"; Value = "Re-released for DXP Platform."; VariantName = "[No Variations]"
Add component (AddParameter): Name = "Publisher"; Value = "Altium Limited"; VariantName = "[No Variations]"
Added Component: Designator=M_enc_56(HDR1X8)
Add component (AddParameter): Name = "LatestRevisionDate"; Value = "17-Jul-2002"; VariantName = "[No Variations]"
Add component (AddParameter): Name = "LatestRevisionNote"; Value = "Re-released for DXP Platform."; VariantName = "[No Variations]"
Add component (AddParameter): Name = "Publisher"; Value = "Altium Limited"; VariantName = "[No Variations]"
Added Component: Designator=P1(HDR1X3)
Add component (AddParameter): Name = "LatestRevisionDate"; Value = "17-Jul-2002"; VariantName = "[No Variations]"
Add component (AddParameter): Name = "LatestRevisionNote"; Value = "Re-released for DXP Platform."; VariantName = "[No Variations]"
Add component (AddParameter): Name = "Publisher"; Value = "Altium Limited"; VariantName = "[No Variations]"
Added Component: Designator=P2(HDR1X7)
Add component (AddParameter): Name = "LatestRevisionDate"; Value = "17-Jul-2002"; VariantName = "[No Variations]"
Add component (AddParameter): Name = "LatestRevisionNote"; Value = "Re-released for DXP Platform."; VariantName = "[No Variations]"
Add component (AddParameter): Name = "Publisher"; Value = "Altium Limited"; VariantName = "[No Variations]"
Added Component: Designator=P3(HDR1X8)
Add component (AddParameter): Name = "LatestRevisionDate"; Value = "17-Jul-2002"; VariantName = "[No Variations]"
Add component (AddParameter): Name = "LatestRevisionNote"; Value = "Re-released for DXP Platform."; VariantName = "[No Variations]"
Add component (AddParameter): Name = "Publisher"; Value = "Altium Limited"; VariantName = "[No Variations]"
Added Pin To Net: NetName=5 Pin=Cap-1
Added Pin To Net: NetName=NetCap_2 Pin=Cap-2
Added Pin To Net: NetName=5 Pin=Drive2-0Analog
Added Pin To Net: NetName=5 Pin=Drive2-1Analog
Added Pin To Net: NetName=5 Pin=Drive2-2Analog
Added Pin To Net: NetName=5 Pin=Drive3-0Analog
Added Pin To Net: NetName=5 Pin=Drive3-1Analog
Added Pin To Net: NetName=NetCap_2 Pin=IN_PWR-1
Added Pin To Net: NetName=GND Pin=IN_PWR-2
Added Pin To Net: NetName=GND Pin=M_enc_12-1
Added Pin To Net: NetName=GND Pin=M_enc_12-2
Added Pin To Net: NetName=OA_M1 Pin=M_enc_12-3
Added Pin To Net: NetName=OA_M2 Pin=M_enc_12-4
Added Pin To Net: NetName=OB_M1 Pin=M_enc_12-5
Added Pin To Net: NetName=OB_M2 Pin=M_enc_12-6
Added Pin To Net: NetName=5 Pin=M_enc_12-7
Added Pin To Net: NetName=5 Pin=M_enc_12-8
Added Pin To Net: NetName=GND Pin=M_enc_34-1
Added Pin To Net: NetName=GND Pin=M_enc_34-2
Added Pin To Net: NetName=OA_M3 Pin=M_enc_34-3
Added Pin To Net: NetName=OA_M4 Pin=M_enc_34-4
Added Pin To Net: NetName=OB_M3 Pin=M_enc_34-5
Added Pin To Net: NetName=OB_M4 Pin=M_enc_34-6
Added Pin To Net: NetName=5 Pin=M_enc_34-7
Added Pin To Net: NetName=5 Pin=M_enc_34-8
Added Pin To Net: NetName=GND Pin=M_enc_56-1
Added Pin To Net: NetName=GND Pin=M_enc_56-2
Added Pin To Net: NetName=OA_M5 Pin=M_enc_56-3
Added Pin To Net: NetName=OA_M6 Pin=M_enc_56-4
Added Pin To Net: NetName=OB_M5 Pin=M_enc_56-5
Added Pin To Net: NetName=OB_M6 Pin=M_enc_56-6
Added Pin To Net: NetName=5 Pin=M_enc_56-7
Added Pin To Net: NetName=5 Pin=M_enc_56-8
Added Pin To Net: NetName=5 Pin=P1-1
Added Pin To Net: NetName=3.3 Pin=P1-2
Added Pin To Net: NetName=GND Pin=P1-3
Added Pin To Net: NetName=DHT_DATA Pin=P2-1
Added Pin To Net: NetName=TX Pin=P2-2
Added Pin To Net: NetName=RX Pin=P2-3
Added Pin To Net: NetName=DIG_MQ2 Pin=P2-4
Added Pin To Net: NetName=ANG_MQ2 Pin=P2-5
Added Pin To Net: NetName=DIG_MQ7 Pin=P2-6
Added Pin To Net: NetName=ANG_MQ7 Pin=P2-7
Added Pin To Net: NetName=SERVO1 Pin=P3-1
Added Pin To Net: NetName=SERVO2 Pin=P3-2
Added Pin To Net: NetName=SERVO3 Pin=P3-3
Added Pin To Net: NetName=SERVO4 Pin=P3-4
Added Pin To Net: NetName=SERVO5 Pin=P3-5
Added Pin To Net: NetName=SERVO6 Pin=P3-6
Added Pin To Net: NetName=SERVO7 Pin=P3-7
Added Pin To Net: NetName=SOIL Pin=P3-8
Added Room: Name=Sheet1
