Added Component: Designator=Drive1(PCBComponent_1)
Added Component: Designator=Drive2(PCBComponent_1)
Added Component: Designator=Drive3(PCBComponent_1)
Added Pin To Net: NetName=5 Pin=Drive1-0Analog
Added Pin To Net: NetName=5 Pin=Drive1-1Analog
Added Pin To Net: NetName=DRIVE_1_4 Pin=Drive1-4
Added Pin To Net: NetName=DRIVE_1_5 Pin=Drive1-5
Added Pin To Net: NetName=5 Pin=Drive1-5V
Added Pin To Net: NetName=DRIVE_1_6 Pin=Drive1-6
Added Pin To Net: NetName=DRIVE_1_7 Pin=Drive1-7
Added Pin To Net: NetName=DRIVE_1_8 Pin=Drive1-8
Added Pin To Net: NetName=DRIVE_1_9 Pin=Drive1-9
Added Pin To Net: NetName=GND Pin=Drive1-GND0
Added Pin To Net: NetName=GND Pin=Drive1-GND1
Added Pin To Net: NetName=GND Pin=Drive1-GND2
Added Pin To Net: NetName=5 Pin=Drive2-0Analog
Added Pin To Net: NetName=5 Pin=Drive2-1Analog
Added Pin To Net: NetName=DRIVE_2_4 Pin=Drive2-4
Added Pin To Net: NetName=DRIVE_2_5 Pin=Drive2-5
Added Pin To Net: NetName=5 Pin=Drive2-5V
Added Pin To Net: NetName=DRIVE_2_6 Pin=Drive2-6
Added Pin To Net: NetName=DRIVE_2_7 Pin=Drive2-7
Added Pin To Net: NetName=DRIVE_2_8 Pin=Drive2-8
Added Pin To Net: NetName=DRIVE_2_9 Pin=Drive2-9
Added Pin To Net: NetName=GND Pin=Drive2-GND0
Added Pin To Net: NetName=GND Pin=Drive2-GND1
Added Pin To Net: NetName=GND Pin=Drive2-GND2
Added Pin To Net: NetName=5 Pin=Drive3-0Analog
Added Pin To Net: NetName=5 Pin=Drive3-1Analog
Added Pin To Net: NetName=DRIVE_3_4 Pin=Drive3-4
Added Pin To Net: NetName=DRIVE_3_5 Pin=Drive3-5
Added Pin To Net: NetName=5 Pin=Drive3-5V
Added Pin To Net: NetName=DRIVE_3_6 Pin=Drive3-6
Added Pin To Net: NetName=DRIVE_3_7 Pin=Drive3-7
Added Pin To Net: NetName=DRIVE_3_8 Pin=Drive3-8
Added Pin To Net: NetName=DRIVE_3_9 Pin=Drive3-9
Added Pin To Net: NetName=GND Pin=Drive3-GND0
Added Pin To Net: NetName=GND Pin=Drive3-GND1
Added Pin To Net: NetName=GND Pin=Drive3-GND2
Added Pin To Net: NetName=Current_sensor_1_1 Pin=Arduino Mega-60
Added Pin To Net: NetName=Current_sensor_1_1 Pin=Drive1-2Analog
Added Net: Name=Current_sensor_1_1
Added Pin To Net: NetName=Current_sensor_1_2 Pin=Arduino Mega-61
Added Pin To Net: NetName=Current_sensor_1_2 Pin=Drive1-3Analog
Added Net: Name=Current_sensor_1_2
Added Pin To Net: NetName=Current_sensor_2_1 Pin=Arduino Mega-64
Added Pin To Net: NetName=Current_sensor_2_1 Pin=Drive2-2Analog
Added Net: Name=Current_sensor_2_1
Added Pin To Net: NetName=Current_sensor_2_2 Pin=Arduino Mega-65
Added Pin To Net: NetName=Current_sensor_2_2 Pin=Drive2-3Analog
Added Net: Name=Current_sensor_2_2
Added Pin To Net: NetName=Current_sensor_3_1 Pin=Arduino Mega-62
Added Pin To Net: NetName=Current_sensor_3_1 Pin=Drive3-2Analog
Added Net: Name=Current_sensor_3_1
Added Pin To Net: NetName=Current_sensor_3_2 Pin=Arduino Mega-63
Added Pin To Net: NetName=Current_sensor_3_2 Pin=Drive3-3Analog
Added Net: Name=Current_sensor_3_2
Added Member To Class: ClassName=Sheet1 Member=Component Arduino Mega
Added Member To Class: ClassName=Sheet1 Member=Component Drive1 Component_1
Added Member To Class: ClassName=Sheet1 Member=Component Drive2 Component_1
Added Member To Class: ClassName=Sheet1 Member=Component Drive3 Component_1
