Removed Pin From Net: NetName=DRIVE_1_9 Pin=Arduino Mega-22
Removed Pin From Net: NetName=DRIVE_1_8 Pin=Arduino Mega-24
Removed Pin From Net: NetName=DRIVE_1_7 Pin=Arduino Mega-26
Removed Pin From Net: NetName=DRIVE_1_4 Pin=Arduino Mega-28
Added Component: Designator=Encoder_1_2(HDR1X8)
Add component (AddParameter): Name = "LatestRevisionDate"; Value = "17-Jul-2002"; VariantName = "[No Variations]"
Add component (AddParameter): Name = "LatestRevisionNote"; Value = "Re-released for DXP Platform."; VariantName = "[No Variations]"
Add component (AddParameter): Name = "Publisher"; Value = "Altium Limited"; VariantName = "[No Variations]"
Added Pin To Net: NetName=SERVO1 Pin=Arduino Mega-23
Added Pin To Net: NetName=SERVO2 Pin=Arduino Mega-25
Added Pin To Net: NetName=DRIVE_1_9 Pin=Arduino Mega-26
Added Pin To Net: NetName=SERVO3 Pin=Arduino Mega-27
Added Pin To Net: NetName=DRIVE_1_8 Pin=Arduino Mega-28
Added Pin To Net: NetName=SERVO4 Pin=Arduino Mega-29
Added Pin To Net: NetName=DRIVE_1_7 Pin=Arduino Mega-30
Added Pin To Net: NetName=SERVO5 Pin=Arduino Mega-31
Added Pin To Net: NetName=DRIVE_1_4 Pin=Arduino Mega-32
Added Pin To Net: NetName=SERVO6 Pin=Arduino Mega-33
Added Pin To Net: NetName=SERVO7 Pin=Arduino Mega-35
Added Pin To Net: NetName=SOIL Pin=Arduino Mega-66
Added Pin To Net: NetName=5 Pin=Encoder_1_2-5
Added Pin To Net: NetName=5 Pin=Encoder_1_2-6
Added Pin To Net: NetName=GND Pin=Encoder_1_2-7
Added Pin To Net: NetName=GND Pin=Encoder_1_2-8
Added Pin To Net: NetName=ENCoder_1_DIG_1 Pin=Arduino Mega-24
Added Pin To Net: NetName=ENCoder_1_DIG_1 Pin=Encoder_1_2-3
Added Net: Name=ENCoder_1_DIG_1
Added Pin To Net: NetName=ENCoder_1_DIG_2 Pin=Arduino Mega-22
Added Pin To Net: NetName=ENCoder_1_DIG_2 Pin=Encoder_1_2-4
Added Net: Name=ENCoder_1_DIG_2
Added Pin To Net: NetName=Encoder_1_INT_1 Pin=Arduino Mega-1
Added Pin To Net: NetName=Encoder_1_INT_1 Pin=Encoder_1_2-1
Added Net: Name=Encoder_1_INT_1
Added Pin To Net: NetName=Encoder_1_INT_2 Pin=Arduino Mega-2
Added Pin To Net: NetName=Encoder_1_INT_2 Pin=Encoder_1_2-2
Added Net: Name=Encoder_1_INT_2
Added Pin To Net: NetName=Encoder_2_INT_1 Pin=Arduino Mega-18
Added Net: Name=Encoder_2_INT_1
Added Pin To Net: NetName=Encoder_2_INT_2 Pin=Arduino Mega-19
Added Net: Name=Encoder_2_INT_2
Added Pin To Net: NetName=Encoder_3_INT_1 Pin=Arduino Mega-20
Added Net: Name=Encoder_3_INT_1
Added Pin To Net: NetName=Encoder_3_INT_2 Pin=Arduino Mega-21
Added Net: Name=Encoder_3_INT_2
