Removed Pin From Net: NetName=DRIVE_3_4 Pin=Arduino Mega-22
Removed Pin From Net: NetName=DRIVE_3_7 Pin=Arduino Mega-24
Removed Pin From Net: NetName=DRIVE_1_4 Pin=Arduino Mega-25
Removed Pin From Net: NetName=SERVO7 Pin=Arduino Mega-26
Removed Pin From Net: NetName=DRIVE_1_5 Pin=Arduino Mega-27
Removed Pin From Net: NetName=SERVO5 Pin=Arduino Mega-28
Removed Pin From Net: NetName=DRIVE_1_6 Pin=Arduino Mega-29
Removed Pin From Net: NetName=SERVO3 Pin=Arduino Mega-30
Removed Pin From Net: NetName=DRIVE_1_7 Pin=Arduino Mega-31
Removed Pin From Net: NetName=SERVO1 Pin=Arduino Mega-32
Removed Pin From Net: NetName=OB_M1 Pin=Arduino Mega-34
Removed Pin From Net: NetName=OB_M2 Pin=Arduino Mega-35
Removed Pin From Net: NetName=OB_M3 Pin=Arduino Mega-36
Removed Pin From Net: NetName=OB_M4 Pin=Arduino Mega-37
Removed Pin From Net: NetName=OB_M5 Pin=Arduino Mega-38
Removed Pin From Net: NetName=OB_M6 Pin=Arduino Mega-39
Added Pin To Net: NetName=DRIVE_1_9 Pin=Arduino Mega-22
Added Pin To Net: NetName=DRIVE_1_8 Pin=Arduino Mega-24
Added Pin To Net: NetName=DRIVE_1_7 Pin=Arduino Mega-26
Added Pin To Net: NetName=DRIVE_1_4 Pin=Arduino Mega-28
Added Room: Name=Sheet1
