Added Component: Designator=TopPcb(HDR1X7)
Add component (AddParameter): Name = "LatestRevisionDate"; Value = "17-Jul-2002"; VariantName = "[No Variations]"
Add component (AddParameter): Name = "LatestRevisionNote"; Value = "Re-released for DXP Platform."; VariantName = "[No Variations]"
Add component (AddParameter): Name = "Publisher"; Value = "Altium Limited"; VariantName = "[No Variations]"
Added Pin To Net: NetName=GND Pin=TopPcb-6
Added Pin To Net: NetName=5 Pin=TopPcb-7
Added Pin To Net: NetName=ANG_MQ2 Pin=Arduino Mega-60
Added Pin To Net: NetName=ANG_MQ2 Pin=TopPcb-1
Added Net: Name=ANG_MQ2
Added Pin To Net: NetName=ANG_MQ7 Pin=Arduino Mega-61
Added Pin To Net: NetName=ANG_MQ7 Pin=TopPcb-2
Added Net: Name=ANG_MQ7
Added Pin To Net: NetName=DHT_DATA Pin=Arduino Mega-52
Added Pin To Net: NetName=DHT_DATA Pin=TopPcb-3
Added Net: Name=DHT_DATA
Added Pin To Net: NetName=RX Pin=Arduino Mega-15
Added Pin To Net: NetName=RX Pin=TopPcb-5
Added Net: Name=RX
Added Pin To Net: NetName=TX Pin=Arduino Mega-14
Added Pin To Net: NetName=TX Pin=TopPcb-4
Added Net: Name=TX
Added Member To Class: ClassName=Sheet1 Member=Component TopPcb Header 7
