Added Component: Designator=P?(HDR1X7)
Add component (AddParameter): Name = "LatestRevisionDate"; Value = "17-Jul-2002"; VariantName = "[No Variations]"
Add component (AddParameter): Name = "LatestRevisionNote"; Value = "Re-released for DXP Platform."; VariantName = "[No Variations]"
Add component (AddParameter): Name = "Publisher"; Value = "Altium Limited"; VariantName = "[No Variations]"
Added Pin To Net: NetName=SERVO1 Pin=Arduino Mega-32
Added Pin To Net: NetName=SERVO1 Pin=P?-1
Added Net: Name=SERVO1
Added Pin To Net: NetName=SERVO2 Pin=Arduino Mega-31
Added Pin To Net: NetName=SERVO2 Pin=P?-2
Added Net: Name=SERVO2
Added Pin To Net: NetName=SERVO3 Pin=Arduino Mega-30
Added Pin To Net: NetName=SERVO3 Pin=P?-3
Added Net: Name=SERVO3
Added Pin To Net: NetName=SERVO4 Pin=Arduino Mega-29
Added Pin To Net: NetName=SERVO4 Pin=P?-4
Added Net: Name=SERVO4
Added Pin To Net: NetName=SERVO5 Pin=Arduino Mega-28
Added Pin To Net: NetName=SERVO5 Pin=P?-5
Added Net: Name=SERVO5
Added Pin To Net: NetName=SERVO6 Pin=Arduino Mega-27
Added Pin To Net: NetName=SERVO6 Pin=P?-6
Added Net: Name=SERVO6
Added Pin To Net: NetName=SERVO7 Pin=Arduino Mega-26
Added Pin To Net: NetName=SERVO7 Pin=P?-7
Added Net: Name=SERVO7
Added Member To Class: ClassName=Sheet1 Member=Component DRIVE1 VNH2SP30
Added Member To Class: ClassName=Sheet1 Member=Component DRIVE2 VNH2SP30
Added Member To Class: ClassName=Sheet1 Member=Component DRIVE3 VNH2SP30
Added Member To Class: ClassName=Sheet1 Member=Component P? Header 7
Added Room: Name=Sheet1
