Added Component: Designator=*(VNH2SP30)
Added Component: Designator=*(VNH2SP30)
Added Component: Designator=*(VNH2SP30)
Added Component: Designator=Arduino Mega(ARDUINO MEGA)
Added Component: Designator=BMP ?(BMP)
Added Component: Designator=DHT ?(DHT)
Added Component: Designator=MQ-7 ?(MQ-7 Up)
Added Component: Designator=MQ-7 ?(MQ-7 Up)
Added Component: Designator=P?(HDR1X3)
Add component (AddParameter): Name = "LatestRevisionDate"; Value = "17-Jul-2002"; VariantName = "[No Variations]"
Add component (AddParameter): Name = "LatestRevisionNote"; Value = "Re-released for DXP Platform."; VariantName = "[No Variations]"
Add component (AddParameter): Name = "Publisher"; Value = "Altium Limited"; VariantName = "[No Variations]"
Added Pin To Net: NetName=3.3 Pin=BMP ?-VIN
Added Pin To Net: NetName=3.3 Pin=DHT ?-9
Added Pin To Net: NetName=3.3 Pin=P?-2
Added Net: Name=3.3
Added Pin To Net: NetName=5 Pin=*-5V
Added Pin To Net: NetName=5 Pin=*-5V
Added Pin To Net: NetName=5 Pin=*-5V
Added Pin To Net: NetName=5 Pin=MQ-7 ?-43
Added Pin To Net: NetName=5 Pin=MQ-7 ?-43
Added Pin To Net: NetName=5 Pin=P?-1
Added Net: Name=5
Added Pin To Net: NetName=ANG_MQ7 Pin=Arduino Mega-60
Added Pin To Net: NetName=ANG_MQ7 Pin=MQ-7 ?-46
Added Net: Name=ANG_MQ7
Added Pin To Net: NetName=DHT_DATA Pin=Arduino Mega-53
Added Pin To Net: NetName=DHT_DATA Pin=DHT ?-10
Added Net: Name=DHT_DATA
Added Pin To Net: NetName=DIG_MQ2 Pin=Arduino Mega-9
Added Pin To Net: NetName=DIG_MQ2 Pin=MQ-7 ?-45
Added Net: Name=DIG_MQ2
Added Pin To Net: NetName=DIG_MQ7 Pin=Arduino Mega-8
Added Pin To Net: NetName=DIG_MQ7 Pin=MQ-7 ?-45
Added Net: Name=DIG_MQ7
Added Pin To Net: NetName=DRIVE_1_0 Pin=Arduino Mega-61
Added Net: Name=DRIVE_1_0
Added Pin To Net: NetName=DRIVE_1_1 Pin=Arduino Mega-62
Added Net: Name=DRIVE_1_1
Added Pin To Net: NetName=DRIVE_1_4 Pin=*-4
Added Pin To Net: NetName=DRIVE_1_4 Pin=Arduino Mega-24
Added Net: Name=DRIVE_1_4
Added Pin To Net: NetName=DRIVE_1_5 Pin=*-5
Added Pin To Net: NetName=DRIVE_1_5 Pin=Arduino Mega-13
Added Net: Name=DRIVE_1_5
Added Pin To Net: NetName=DRIVE_1_6 Pin=*-6
Added Pin To Net: NetName=DRIVE_1_6 Pin=Arduino Mega-12
Added Net: Name=DRIVE_1_6
Added Pin To Net: NetName=DRIVE_1_7 Pin=*-7
Added Pin To Net: NetName=DRIVE_1_7 Pin=Arduino Mega-22
Added Net: Name=DRIVE_1_7
Added Pin To Net: NetName=DRIVE_1_8 Pin=*-8
Added Pin To Net: NetName=DRIVE_1_8 Pin=Arduino Mega-23
Added Net: Name=DRIVE_1_8
Added Pin To Net: NetName=DRIVE_1_9 Pin=*-9
Added Pin To Net: NetName=DRIVE_1_9 Pin=Arduino Mega-25
Added Net: Name=DRIVE_1_9
Added Pin To Net: NetName=DRIVE_2_0 Pin=Arduino Mega-63
Added Net: Name=DRIVE_2_0
Added Pin To Net: NetName=DRIVE_2_1 Pin=Arduino Mega-66
Added Net: Name=DRIVE_2_1
Added Pin To Net: NetName=DRIVE_2_4 Pin=*-4
Added Pin To Net: NetName=DRIVE_2_4 Pin=Arduino Mega-28
Added Net: Name=DRIVE_2_4
Added Pin To Net: NetName=DRIVE_2_5 Pin=*-5
Added Pin To Net: NetName=DRIVE_2_5 Pin=Arduino Mega-11
Added Net: Name=DRIVE_2_5
Added Pin To Net: NetName=DRIVE_2_6 Pin=*-6
Added Pin To Net: NetName=DRIVE_2_6 Pin=Arduino Mega-10
Added Net: Name=DRIVE_2_6
Added Pin To Net: NetName=DRIVE_2_7 Pin=*-7
Added Pin To Net: NetName=DRIVE_2_7 Pin=Arduino Mega-26
Added Net: Name=DRIVE_2_7
Added Pin To Net: NetName=DRIVE_2_8 Pin=*-8
Added Pin To Net: NetName=DRIVE_2_8 Pin=Arduino Mega-27
Added Net: Name=DRIVE_2_8
Added Pin To Net: NetName=DRIVE_2_9 Pin=*-9
Added Pin To Net: NetName=DRIVE_2_9 Pin=Arduino Mega-29
Added Net: Name=DRIVE_2_9
Added Pin To Net: NetName=DRIVE_3_0 Pin=Arduino Mega-67
Added Net: Name=DRIVE_3_0
Added Pin To Net: NetName=DRIVE_3_1 Pin=Arduino Mega-68
Added Net: Name=DRIVE_3_1
Added Pin To Net: NetName=DRIVE_3_4 Pin=*-4
Added Pin To Net: NetName=DRIVE_3_4 Pin=Arduino Mega-32
Added Net: Name=DRIVE_3_4
Added Pin To Net: NetName=DRIVE_3_5 Pin=*-5
Added Pin To Net: NetName=DRIVE_3_5 Pin=Arduino Mega-6
Added Net: Name=DRIVE_3_5
Added Pin To Net: NetName=DRIVE_3_6 Pin=*-6
Added Pin To Net: NetName=DRIVE_3_6 Pin=Arduino Mega-7
Added Net: Name=DRIVE_3_6
Added Pin To Net: NetName=DRIVE_3_7 Pin=*-7
Added Pin To Net: NetName=DRIVE_3_7 Pin=Arduino Mega-30
Added Net: Name=DRIVE_3_7
Added Pin To Net: NetName=DRIVE_3_8 Pin=*-8
Added Pin To Net: NetName=DRIVE_3_8 Pin=Arduino Mega-31
Added Net: Name=DRIVE_3_8
Added Pin To Net: NetName=DRIVE_3_9 Pin=*-9
Added Pin To Net: NetName=DRIVE_3_9 Pin=Arduino Mega-33
Added Net: Name=DRIVE_3_9
Added Pin To Net: NetName=GND Pin=*-GND 0
Added Pin To Net: NetName=GND Pin=*-GND 0
Added Pin To Net: NetName=GND Pin=*-GND 0
Added Pin To Net: NetName=GND Pin=*-GND 1
Added Pin To Net: NetName=GND Pin=*-GND 1
Added Pin To Net: NetName=GND Pin=*-GND 1
Added Pin To Net: NetName=GND Pin=*-GND 2
Added Pin To Net: NetName=GND Pin=*-GND 2
Added Pin To Net: NetName=GND Pin=*-GND 2
Added Pin To Net: NetName=GND Pin=BMP ?-GND
Added Pin To Net: NetName=GND Pin=DHT ?-11
Added Pin To Net: NetName=GND Pin=MQ-7 ?-44
Added Pin To Net: NetName=GND Pin=MQ-7 ?-44
Added Pin To Net: NetName=GND Pin=MQ-7 ?-46
Added Pin To Net: NetName=GND Pin=P?-3
Added Net: Name=GND
Added Pin To Net: NetName=SCL Pin=Arduino Mega-65
Added Pin To Net: NetName=SCL Pin=BMP ?-SCL
Added Net: Name=SCL
Added Pin To Net: NetName=SDA Pin=Arduino Mega-64
Added Pin To Net: NetName=SDA Pin=BMP ?-SDA
Added Net: Name=SDA
Added Class: Name=Sheet1
Added Room: Name=Sheet1
