Added Pin To Net: NetName=OA_M1 Pin=Arduino Mega-2
Added Pin To Net: NetName=OA_M1 Pin=M_enc_12-3
Added Net: Name=OA_M1
Added Pin To Net: NetName=OA_M2 Pin=Arduino Mega-3
Added Pin To Net: NetName=OA_M2 Pin=M_enc_12-4
Added Net: Name=OA_M2
Added Pin To Net: NetName=OA_M3 Pin=Arduino Mega-18
Added Pin To Net: NetName=OA_M3 Pin=M_enc_34-3
Added Net: Name=OA_M3
Added Pin To Net: NetName=OA_M4 Pin=Arduino Mega-19
Added Pin To Net: NetName=OA_M4 Pin=M_enc_34-4
Added Net: Name=OA_M4
Added Pin To Net: NetName=OA_M5 Pin=Arduino Mega-20
Added Pin To Net: NetName=OA_M5 Pin=M_enc_56-3
Added Net: Name=OA_M5
Added Pin To Net: NetName=OA_M6 Pin=Arduino Mega-21
Added Pin To Net: NetName=OA_M6 Pin=M_enc_56-4
Added Net: Name=OA_M6
Added Pin To Net: NetName=OB_M1 Pin=Arduino Mega-34
Added Pin To Net: NetName=OB_M1 Pin=M_enc_12-5
Added Net: Name=OB_M1
Added Pin To Net: NetName=OB_M2 Pin=Arduino Mega-35
Added Pin To Net: NetName=OB_M2 Pin=M_enc_12-6
Added Net: Name=OB_M2
Added Pin To Net: NetName=OB_M3 Pin=Arduino Mega-36
Added Pin To Net: NetName=OB_M3 Pin=M_enc_34-5
Added Net: Name=OB_M3
Added Pin To Net: NetName=OB_M4 Pin=Arduino Mega-37
Added Pin To Net: NetName=OB_M4 Pin=M_enc_34-6
Added Net: Name=OB_M4
Added Pin To Net: NetName=OB_M5 Pin=Arduino Mega-38
Added Pin To Net: NetName=OB_M5 Pin=M_enc_56-5
Added Net: Name=OB_M5
Added Pin To Net: NetName=OB_M6 Pin=Arduino Mega-39
Added Pin To Net: NetName=OB_M6 Pin=M_enc_56-6
Added Net: Name=OB_M6
Added Room: Name=Sheet1
