Added Component: Designator=P1(HDR1X3)
Add component (AddParameter): Name = "LatestRevisionDate"; Value = "17-Jul-2002"; VariantName = "[No Variations]"
Add component (AddParameter): Name = "LatestRevisionNote"; Value = "Re-released for DXP Platform."; VariantName = "[No Variations]"
Add component (AddParameter): Name = "Publisher"; Value = "Altium Limited"; VariantName = "[No Variations]"
Added Component: Designator=P2(HDR1X8)
Add component (AddParameter): Name = "LatestRevisionDate"; Value = "17-Jul-2002"; VariantName = "[No Variations]"
Add component (AddParameter): Name = "LatestRevisionNote"; Value = "Re-released for DXP Platform."; VariantName = "[No Variations]"
Add component (AddParameter): Name = "Publisher"; Value = "Altium Limited"; VariantName = "[No Variations]"
Added Pin To Net: NetName=3.3 Pin=Arduino Mega-55
Added Pin To Net: NetName=5 Pin=P1-1
Added Pin To Net: NetName=3.3 Pin=P1-2
Added Pin To Net: NetName=GND Pin=P1-3
Added Pin To Net: NetName=SCL Pin=P2-1
Added Pin To Net: NetName=SDA Pin=P2-2
Added Pin To Net: NetName=DIG_MQ2 Pin=P2-5
Added Pin To Net: NetName=DIG_MQ7 Pin=P2-6
Added Pin To Net: NetName=ANG_MQ7 Pin=P2-7
Added Pin To Net: NetName=DHT_DATA Pin=P2-8
Added Pin To Net: NetName=RX Pin=Arduino Mega-15
Added Pin To Net: NetName=RX Pin=P2-4
Added Net: Name=RX
Added Pin To Net: NetName=TX Pin=Arduino Mega-14
Added Pin To Net: NetName=TX Pin=P2-3
Added Net: Name=TX
Added Member To Class: ClassName=Sheet1 Member=Component P1 Header 3
Added Member To Class: ClassName=Sheet1 Member=Component P2 Header 8
Added Room: Name=Sheet1
