Removed Pin From Net: NetName=SERVO1 Pin=P?-1
Removed Pin From Net: NetName=SERVO2 Pin=P?-2
Removed Pin From Net: NetName=SERVO3 Pin=P?-3
Removed Pin From Net: NetName=SERVO4 Pin=P?-4
Removed Pin From Net: NetName=SERVO5 Pin=P?-5
Removed Pin From Net: NetName=SERVO6 Pin=P?-6
Removed Pin From Net: NetName=SERVO7 Pin=P?-7
Added Component: Designator=P?(HDR1X8)
Add component (AddParameter): Name = "LatestRevisionDate"; Value = "17-Jul-2002"; VariantName = "[No Variations]"
Add component (AddParameter): Name = "LatestRevisionNote"; Value = "Re-released for DXP Platform."; VariantName = "[No Variations]"
Add component (AddParameter): Name = "Publisher"; Value = "Altium Limited"; VariantName = "[No Variations]"
Added Pin To Net: NetName=SERVO1 Pin=P?-1
Added Pin To Net: NetName=SERVO2 Pin=P?-2
Added Pin To Net: NetName=SERVO3 Pin=P?-3
Added Pin To Net: NetName=SERVO4 Pin=P?-4
Added Pin To Net: NetName=SERVO5 Pin=P?-5
Added Pin To Net: NetName=SERVO6 Pin=P?-6
Added Pin To Net: NetName=SERVO7 Pin=P?-7
Added Pin To Net: NetName=SOIL Pin=Arduino Mega-25
Added Pin To Net: NetName=SOIL Pin=P?-8
Added Net: Name=SOIL
Added Room: Name=Sheet1
