Removed Pin From Net: NetName=SCL Pin=P1-1
Removed Pin From Net: NetName=SDA Pin=P1-2
Removed Pin From Net: NetName=TX Pin=P1-3
Removed Pin From Net: NetName=RX Pin=P1-4
Removed Pin From Net: NetName=DIG_MQ2 Pin=P1-5
Removed Pin From Net: NetName=DIG_MQ7 Pin=P1-6
Removed Pin From Net: NetName=ANG_MQ7 Pin=P1-7
Removed Pin From Net: NetName=DHT_DATA Pin=P1-8
Added Component: Designator=P1(HDR1X4)
Add component. Clean all parameters for all variants
Add component (AddParameter): Name = "LatestRevisionDate"; Value = "17-Jul-2002"; VariantName = "[No Variations]"
Add component (AddParameter): Name = "LatestRevisionNote"; Value = "Re-released for DXP Platform."; VariantName = "[No Variations]"
Add component (AddParameter): Name = "Publisher"; Value = "Altium Limited"; VariantName = "[No Variations]"
Added Component: Designator=P5(HDR1X4)
Add component. Clean all parameters for all variants
Add component (AddParameter): Name = "LatestRevisionDate"; Value = "17-Jul-2002"; VariantName = "[No Variations]"
Add component (AddParameter): Name = "LatestRevisionNote"; Value = "Re-released for DXP Platform."; VariantName = "[No Variations]"
Add component (AddParameter): Name = "Publisher"; Value = "Altium Limited"; VariantName = "[No Variations]"
Added Member To Class: ClassName=Sensors_PCB Member=Component P5 Header 4
Added Room: Name=Sensors_PCB
