Removed Pin From Net: NetName=GND Pin=Motor34-9
Removed Pin From Net: NetName=GND Pin=Motor34-10
Removed Pin From Net: NetName=GND Pin=Motor34-11
Removed Pin From Net: NetName=5 Pin=Motor34-12
Removed Pin From Net: NetName=Encoder_2_INT_2 Pin=Motor34-15
Removed Pin From Net: NetName=Encoder_2_INT_1 Pin=Motor34-16
Removed Pin From Net: NetName=DRIVE_2_6 Pin=Motor34-17
Removed Pin From Net: NetName=DRIVE_2_5 Pin=Motor34-18
Removed Pin From Net: NetName=GND Pin=Motor56-9
Removed Pin From Net: NetName=GND Pin=Motor56-10
Removed Pin From Net: NetName=GND Pin=Motor56-11
Removed Pin From Net: NetName=5 Pin=Motor56-12
Removed Pin From Net: NetName=Encoder_3_INT_2 Pin=Motor56-15
Removed Pin From Net: NetName=Encoder_3_INT_1 Pin=Motor56-16
Removed Pin From Net: NetName=DRIVE_3_6 Pin=Motor56-17
Removed Pin From Net: NetName=DRIVE_3_5 Pin=Motor56-18
Added Pin To Net: NetName=Encoder_2_INT_2 Pin=Motor34-9
Added Pin To Net: NetName=Encoder_2_INT_1 Pin=Motor34-10
Added Pin To Net: NetName=DRIVE_1_6 Pin=Motor34-11
Added Pin To Net: NetName=DRIVE_1_5 Pin=Motor34-12
Added Pin To Net: NetName=5 Pin=Motor34-15
Added Pin To Net: NetName=GND Pin=Motor34-16
Added Pin To Net: NetName=GND Pin=Motor34-17
Added Pin To Net: NetName=GND Pin=Motor34-18
Added Pin To Net: NetName=Encoder_3_INT_2 Pin=Motor56-9
Added Pin To Net: NetName=Encoder_3_INT_1 Pin=Motor56-10
Added Pin To Net: NetName=DRIVE_3_6 Pin=Motor56-11
Added Pin To Net: NetName=DRIVE_3_5 Pin=Motor56-12
Added Pin To Net: NetName=5 Pin=Motor56-15
Added Pin To Net: NetName=GND Pin=Motor56-16
Added Pin To Net: NetName=GND Pin=Motor56-17
Added Pin To Net: NetName=GND Pin=Motor56-18
