Added Component: Designator=Motor12(HDR1X18)
Add component. Clean all parameters for all variants
Add component (AddParameter): Name = "LatestRevisionDate"; Value = "17-Jul-2002"; VariantName = "[No Variations]"
Add component (AddParameter): Name = "LatestRevisionNote"; Value = "Re-released for DXP Platform."; VariantName = "[No Variations]"
Add component (AddParameter): Name = "Publisher"; Value = "Altium Limited"; VariantName = "[No Variations]"
Added Pin To Net: NetName=GND Pin=Motor12-1
Added Pin To Net: NetName=GND Pin=Motor12-2
Added Pin To Net: NetName=GND Pin=Motor12-3
Added Pin To Net: NetName=5 Pin=Motor12-4
Added Pin To Net: NetName=5 Pin=Motor12-5
Added Pin To Net: NetName=5 Pin=Motor12-6
Added Pin To Net: NetName=Encoder_1_INT_2 Pin=Motor12-7
Added Pin To Net: NetName=Encoder_1_INT_1 Pin=Motor12-8
Added Pin To Net: NetName=Encoder_1_DIG_2 Pin=Motor12-9
Added Pin To Net: NetName=Encoder_1_DIG_1 Pin=Motor12-10
Added Pin To Net: NetName=Current_sensor_1_1 Pin=Motor12-11
Added Pin To Net: NetName=Current_sensor_1_2 Pin=Motor12-12
Added Pin To Net: NetName=DRIVE_1_4 Pin=Motor12-13
Added Pin To Net: NetName=DRIVE_1_5 Pin=Motor12-14
Added Pin To Net: NetName=DRIVE_1_6 Pin=Motor12-15
Added Pin To Net: NetName=DRIVE_1_7 Pin=Motor12-16
Added Pin To Net: NetName=DRIVE_1_8 Pin=Motor12-17
Added Pin To Net: NetName=DRIVE_1_9 Pin=Motor12-18
Change Class Name : Old Net Name=Sheet1 New Net Name=ArduinoMega
Added Member To Class: ClassName=ArduinoMega Member=Component Motor12 Header 18
