Added Component: Designator=Encoder_5_6(HDR1X8)
Add component. Clean all parameters for all variants
Add component (AddParameter): Name = "LatestRevisionDate"; Value = "17-Jul-2002"; VariantName = "[No Variations]"
Add component (AddParameter): Name = "LatestRevisionNote"; Value = "Re-released for DXP Platform."; VariantName = "[No Variations]"
Add component (AddParameter): Name = "Publisher"; Value = "Altium Limited"; VariantName = "[No Variations]"
Added Component: Designator=Motor12(HDR2X9_CEN)
Add component. Clean all parameters for all variants
Add component (AddParameter): Name = "LatestRevisionDate"; Value = "17-Jul-2002"; VariantName = "[No Variations]"
Add component (AddParameter): Name = "LatestRevisionNote"; Value = "Re-released for DXP Platform."; VariantName = "[No Variations]"
Add component (AddParameter): Name = "Publisher"; Value = "Altium Limited"; VariantName = "[No Variations]"
Added Pin To Net: NetName=5 Pin=Encoder_5_6-1
Added Pin To Net: NetName=5 Pin=Encoder_5_6-2
Added Pin To Net: NetName=GND Pin=Encoder_5_6-3
Added Pin To Net: NetName=GND Pin=Encoder_5_6-4
Added Pin To Net: NetName=Encoder_3_INT_2 Pin=Encoder_5_6-5
Added Pin To Net: NetName=Encoder_3_INT_1 Pin=Encoder_5_6-6
Added Pin To Net: NetName=Encoder_3_DIG_1 Pin=Encoder_5_6-7
Added Pin To Net: NetName=Encoder_3_DIG_2 Pin=Encoder_5_6-8
Added Pin To Net: NetName=Encoder_1_INT_2 Pin=Motor12-15
Added Pin To Net: NetName=Encoder_1_INT_1 Pin=Motor12-16
Added Pin To Net: NetName=DRIVE_1_6 Pin=Motor12-17
Added Pin To Net: NetName=DRIVE_1_5 Pin=Motor12-18
Added Member To Class: ClassName=ArduinoMega Member=Component Motor12 Header 9X2A
